<?xml version="1.0" encoding="UTF-8"?>
<!-- Generated by org.testng.reporters.JUnitReportReporter -->
<testsuite hostname="bhagyak" failures="0" tests="12" name="api.testcases.DataDrivenTests_UserEndpoints_GettingUrlsFromRoutesPropertiesFile" time="19.618" errors="0" timestamp="2024-12-26T08:27:54 IST" skipped="0">
  <testcase classname="api.testcases.DataDrivenTests_UserEndpoints_GettingUrlsFromRoutesPropertiesFile" name="createUsersUsingDP" time="1.308"/>
  <system-out/>
  <testcase classname="api.testcases.DataDrivenTests_UserEndpoints_GettingUrlsFromRoutesPropertiesFile" name="createUsersUsingDP" time="1.509"/>
  <system-out/>
  <testcase classname="api.testcases.DataDrivenTests_UserEndpoints_GettingUrlsFromRoutesPropertiesFile" name="createUsersUsingDP" time="3.432"/>
  <system-out/>
  <testcase classname="api.testcases.DataDrivenTests_UserEndpoints_GettingUrlsFromRoutesPropertiesFile" name="getUserByUsernameUsingDP" time="1.530"/>
  <system-out/>
  <testcase classname="api.testcases.DataDrivenTests_UserEndpoints_GettingUrlsFromRoutesPropertiesFile" name="getUserByUsernameUsingDP" time="1.432"/>
  <system-out/>
  <testcase classname="api.testcases.DataDrivenTests_UserEndpoints_GettingUrlsFromRoutesPropertiesFile" name="getUserByUsernameUsingDP" time="1.520"/>
  <system-out/>
  <testcase classname="api.testcases.DataDrivenTests_UserEndpoints_GettingUrlsFromRoutesPropertiesFile" name="updateUsersUsingDP" time="1.514"/>
  <system-out/>
  <testcase classname="api.testcases.DataDrivenTests_UserEndpoints_GettingUrlsFromRoutesPropertiesFile" name="updateUsersUsingDP" time="1.449"/>
  <system-out/>
  <testcase classname="api.testcases.DataDrivenTests_UserEndpoints_GettingUrlsFromRoutesPropertiesFile" name="updateUsersUsingDP" time="1.497"/>
  <system-out/>
  <testcase classname="api.testcases.DataDrivenTests_UserEndpoints_GettingUrlsFromRoutesPropertiesFile" name="deleteUserByUsernameUsingDP" time="1.564"/>
  <system-out/>
  <testcase classname="api.testcases.DataDrivenTests_UserEndpoints_GettingUrlsFromRoutesPropertiesFile" name="deleteUserByUsernameUsingDP" time="1.429"/>
  <system-out/>
  <testcase classname="api.testcases.DataDrivenTests_UserEndpoints_GettingUrlsFromRoutesPropertiesFile" name="deleteUserByUsernameUsingDP" time="1.434"/>
  <system-out/>
</testsuite> <!-- api.testcases.DataDrivenTests_UserEndpoints_GettingUrlsFromRoutesPropertiesFile -->
