<?xml version="1.0" encoding="UTF-8"?>
<!-- Generated by org.testng.reporters.JUnitReportReporter -->
<testsuite hostname="bhagyak" failures="0" tests="4" name="api.testcases.UserTest" time="7.243" errors="0" timestamp="2024-12-25T11:32:48 IST" skipped="0">
  <testcase classname="api.testcases.UserTest" name="createUserTest" time="2.769"/>
  <testcase classname="api.testcases.UserTest" name="getUserByUsernameTest" time="1.131"/>
  <testcase classname="api.testcases.UserTest" name="updateUserByUsernameTest" time="2.231"/>
  <testcase classname="api.testcases.UserTest" name="deleteUserByUsernameTest" time="1.112"/>
</testsuite> <!-- api.testcases.UserTest -->
