<?xml version="1.0" encoding="UTF-8"?>
<!-- Generated by org.testng.reporters.JUnitReportReporter -->
<testsuite hostname="bhagyak" failures="0" tests="12" name="api.testcases.DataDrivenTests" time="18.604" errors="0" timestamp="2024-12-26T08:11:02 IST" skipped="0">
  <testcase classname="api.testcases.DataDrivenTests" name="createUsersUsingDP" time="3.519"/>
  <system-out/>
  <testcase classname="api.testcases.DataDrivenTests" name="createUsersUsingDP" time="1.468"/>
  <system-out/>
  <testcase classname="api.testcases.DataDrivenTests" name="createUsersUsingDP" time="1.243"/>
  <system-out/>
  <testcase classname="api.testcases.DataDrivenTests" name="getUserByUsernameUsingDP" time="1.232"/>
  <system-out/>
  <testcase classname="api.testcases.DataDrivenTests" name="getUserByUsernameUsingDP" time="1.405"/>
  <system-out/>
  <testcase classname="api.testcases.DataDrivenTests" name="getUserByUsernameUsingDP" time="1.514"/>
  <system-out/>
  <testcase classname="api.testcases.DataDrivenTests" name="updateUsersUsingDP" time="1.447"/>
  <system-out/>
  <testcase classname="api.testcases.DataDrivenTests" name="updateUsersUsingDP" time="1.415"/>
  <system-out/>
  <testcase classname="api.testcases.DataDrivenTests" name="updateUsersUsingDP" time="1.412"/>
  <system-out/>
  <testcase classname="api.testcases.DataDrivenTests" name="deleteUserByUsernameUsingDP" time="1.251"/>
  <system-out/>
  <testcase classname="api.testcases.DataDrivenTests" name="deleteUserByUsernameUsingDP" time="1.253"/>
  <system-out/>
  <testcase classname="api.testcases.DataDrivenTests" name="deleteUserByUsernameUsingDP" time="1.445"/>
  <system-out/>
</testsuite> <!-- api.testcases.DataDrivenTests -->
