<?xml version="1.0" encoding="UTF-8"?>
<!-- Generated by org.testng.reporters.JUnitReportReporter -->
<testsuite hostname="bhagyak" failures="0" tests="4" name="api.testcases.UserTest_UserEndpoints_GettingUrlsFromRoutesPropertiesFile" time="8.586" errors="0" timestamp="2024-12-26T08:04:46 IST" skipped="0">
  <testcase classname="api.testcases.UserTest_UserEndpoints_GettingUrlsFromRoutesPropertiesFile" name="createUserTest" time="3.659"/>
  <system-out/>
  <testcase classname="api.testcases.UserTest_UserEndpoints_GettingUrlsFromRoutesPropertiesFile" name="getUserByUsernameTest" time="1.156"/>
  <system-out/>
  <testcase classname="api.testcases.UserTest_UserEndpoints_GettingUrlsFromRoutesPropertiesFile" name="updateUserByUsernameTest" time="2.433"/>
  <system-out/>
  <testcase classname="api.testcases.UserTest_UserEndpoints_GettingUrlsFromRoutesPropertiesFile" name="deleteUserByUsernameTest" time="1.338"/>
  <system-out/>
</testsuite> <!-- api.testcases.UserTest_UserEndpoints_GettingUrlsFromRoutesPropertiesFile -->
