<?xml version="1.0" encoding="UTF-8"?>
<!-- Generated by org.testng.reporters.JUnitReportReporter -->
<testsuite hostname="bhagyak" failures="0" tests="12" name="api.testcases.DataDrivenTests_UserEndpoints_GettingUrlsFromRoutesPropertiesFile" time="14.995" errors="0" timestamp="2024-12-26T10:44:29 IST" skipped="0">
  <testcase classname="api.testcases.DataDrivenTests_UserEndpoints_GettingUrlsFromRoutesPropertiesFile" name="createUsersUsingDP" time="1.090"/>
  <testcase classname="api.testcases.DataDrivenTests_UserEndpoints_GettingUrlsFromRoutesPropertiesFile" name="createUsersUsingDP" time="2.727"/>
  <testcase classname="api.testcases.DataDrivenTests_UserEndpoints_GettingUrlsFromRoutesPropertiesFile" name="createUsersUsingDP" time="1.126"/>
  <testcase classname="api.testcases.DataDrivenTests_UserEndpoints_GettingUrlsFromRoutesPropertiesFile" name="getUserByUsernameUsingDP" time="1.150"/>
  <testcase classname="api.testcases.DataDrivenTests_UserEndpoints_GettingUrlsFromRoutesPropertiesFile" name="getUserByUsernameUsingDP" time="1.102"/>
  <testcase classname="api.testcases.DataDrivenTests_UserEndpoints_GettingUrlsFromRoutesPropertiesFile" name="getUserByUsernameUsingDP" time="1.106"/>
  <testcase classname="api.testcases.DataDrivenTests_UserEndpoints_GettingUrlsFromRoutesPropertiesFile" name="updateUsersUsingDP" time="1.140"/>
  <testcase classname="api.testcases.DataDrivenTests_UserEndpoints_GettingUrlsFromRoutesPropertiesFile" name="updateUsersUsingDP" time="1.110"/>
  <testcase classname="api.testcases.DataDrivenTests_UserEndpoints_GettingUrlsFromRoutesPropertiesFile" name="updateUsersUsingDP" time="1.127"/>
  <testcase classname="api.testcases.DataDrivenTests_UserEndpoints_GettingUrlsFromRoutesPropertiesFile" name="deleteUserByUsernameUsingDP" time="1.102"/>
  <testcase classname="api.testcases.DataDrivenTests_UserEndpoints_GettingUrlsFromRoutesPropertiesFile" name="deleteUserByUsernameUsingDP" time="1.095"/>
  <testcase classname="api.testcases.DataDrivenTests_UserEndpoints_GettingUrlsFromRoutesPropertiesFile" name="deleteUserByUsernameUsingDP" time="1.120"/>
</testsuite> <!-- api.testcases.DataDrivenTests_UserEndpoints_GettingUrlsFromRoutesPropertiesFile -->
